<?xml version="1.0" encoding="UTF-8"?>
<!-- Generated by org.testng.reporters.JUnitReportReporter -->
<testsuite hostname="DESKTOP-ORN1KTG" failures="0" tests="2" name="com.testRunnersTestNG.TestNGTestRunner" time="87.796" errors="0" timestamp="2023-11-09T18:27:07 IST" skipped="0">
  <testcase classname="com.testRunnersTestNG.TestNGTestRunner" name="runScenario" time="45.811"/>
  <system-out/>
  <testcase classname="com.testRunnersTestNG.TestNGTestRunner" name="runScenario" time="41.985"/>
  <system-out/>
</testsuite> <!-- com.testRunnersTestNG.TestNGTestRunner -->
